<?xml version="1.0" encoding="UTF-8"?>
<testsuites name="jest tests" tests="9" failures="0" errors="0" time="18.622">
  <testsuite name="Analyze Route Coverage Tests" errors="0" failures="0" skipped="0" timestamp="2025-10-19T23:43:43" time="18.47" tests="9">
    <testcase classname="Analyze Route Coverage Tests" name="should handle malformed JSON gracefully" time="0.081">
    </testcase>
    <testcase classname="Analyze Route Coverage Tests" name="should handle basic POST request structure" time="2.51">
    </testcase>
    <testcase classname="Analyze Route Coverage Tests" name="should handle anonymous endpoint structure" time="2.839">
    </testcase>
    <testcase classname="Analyze Route Coverage Tests" name="should handle different HTTP methods on analyze route" time="0.03">
    </testcase>
    <testcase classname="Analyze Route Coverage Tests" name="should handle validation errors" time="0.033">
    </testcase>
    <testcase classname="Analyze Route Coverage Tests" name="should handle missing value field" time="0.023">
    </testcase>
    <testcase classname="Analyze Route Coverage Tests" name="should handle URL input type" time="3.817">
    </testcase>
    <testcase classname="Analyze Route Coverage Tests" name="should handle both tools option" time="2.628">
    </testcase>
    <testcase classname="Analyze Route Coverage Tests" name="should handle WCAG configuration options" time="1.147">
    </testcase>
  </testsuite>
</testsuites>